{"/Users/jingzhu/shopping_cart_boilerplate/client/components/EmptyCart.js": {"path":"/Users/jingzhu/shopping_cart_boilerplate/client/components/EmptyCart.js","statementMap":{"0":{"start":{"line":1,"column":18},"end":{"line":12,"column":1}},"1":{"start":{"line":2,"column":2},"end":{"line":11,"column":4}}},"fnMap":{"0":{"name":"(anonymous_0)","decl":{"start":{"line":1,"column":18},"end":{"line":1,"column":19}},"loc":{"start":{"line":1,"column":24},"end":{"line":12,"column":1}},"line":1}},"branchMap":{},"s":{"0":1,"1":1},"f":{"0":1},"b":{},"_coverageSchema":"1a1c01bbd47fc00a2c39e90264f33305004495a9","hash":"8640186340abd85f9f21b22549af0eef0de07f4e"}
,"/Users/jingzhu/shopping_cart_boilerplate/client/components/FullCart.js": {"path":"/Users/jingzhu/shopping_cart_boilerplate/client/components/FullCart.js","statementMap":{"0":{"start":{"line":1,"column":13},"end":{"line":45,"column":1}},"1":{"start":{"line":2,"column":16},"end":{"line":6,"column":15}},"2":{"start":{"line":4,"column":6},"end":{"line":4,"column":46}},"3":{"start":{"line":8,"column":2},"end":{"line":44,"column":4}},"4":{"start":{"line":21,"column":12},"end":{"line":27,"column":14}}},"fnMap":{"0":{"name":"(anonymous_0)","decl":{"start":{"line":1,"column":13},"end":{"line":1,"column":14}},"loc":{"start":{"line":1,"column":39},"end":{"line":45,"column":1}},"line":1},"1":{"name":"(anonymous_1)","decl":{"start":{"line":3,"column":12},"end":{"line":3,"column":13}},"loc":{"start":{"line":3,"column":27},"end":{"line":5,"column":5}},"line":3},"2":{"name":"(anonymous_2)","decl":{"start":{"line":20,"column":20},"end":{"line":20,"column":21}},"loc":{"start":{"line":20,"column":30},"end":{"line":28,"column":11}},"line":20}},"branchMap":{},"s":{"0":1,"1":2,"2":2,"3":2,"4":2},"f":{"0":2,"1":2,"2":2},"b":{},"_coverageSchema":"1a1c01bbd47fc00a2c39e90264f33305004495a9","hash":"02c6d9dcf5eb040459b0bb5f96c4026b5785baf7"}
}
